-------------------------------------------------------------------------------
Test set: TestRunner.SmokeRunner
-------------------------------------------------------------------------------
Tests run: 15, Failures: 0, Errors: 5, Skipped: 0, Time elapsed: 118.252 s <<< FAILURE! - in TestRunner.SmokeRunner
API workflow for HRMS.create an employee using API call #1  Time elapsed: 4.84 s  <<< ERROR!
io.cucumber.junit.UndefinedStepException: 
The step 'a JWT is generated' and 5 other step(s) are undefined.
You can implement these steps using the snippet(s) below:

@Given("a JWT is generated")
public void a_jwt_is_generated() {
    // Write code here that turns the phrase above into concrete actions
    throw new io.cucumber.java.PendingException();
}
@Given("a request is prepared to create an employee")
public void a_request_is_prepared_to_create_an_employee() {
    // Write code here that turns the phrase above into concrete actions
    throw new io.cucumber.java.PendingException();
}
@When("a POST call is made to create an employee")
public void a_post_call_is_made_to_create_an_employee() {
    // Write code here that turns the phrase above into concrete actions
    throw new io.cucumber.java.PendingException();
}
@Then("the status code for creating an employee is {int}")
public void the_status_code_for_creating_an_employee_is(Integer int1) {
    // Write code here that turns the phrase above into concrete actions
    throw new io.cucumber.java.PendingException();
}
@Then("the employee contains key {string} and value {string}")
public void the_employee_contains_key_and_value(String string, String string2) {
    // Write code here that turns the phrase above into concrete actions
    throw new io.cucumber.java.PendingException();
}
@Then("the employee id {string} is stored as a global variable to be used for other calls")
public void the_employee_id_is_stored_as_a_global_variable_to_be_used_for_other_calls(String string) {
    // Write code here that turns the phrase above into concrete actions
    throw new io.cucumber.java.PendingException();
}


API workflow for HRMS.create an employee using API call #2  Time elapsed: 3.116 s  <<< ERROR!
io.cucumber.junit.UndefinedStepException: 
The step 'a JWT is generated' and 5 other step(s) are undefined.
You can implement these steps using the snippet(s) below:

@Given("a JWT is generated")
public void a_jwt_is_generated() {
    // Write code here that turns the phrase above into concrete actions
    throw new io.cucumber.java.PendingException();
}
@Given("a request is prepared to create an employee using json payload")
public void a_request_is_prepared_to_create_an_employee_using_json_payload() {
    // Write code here that turns the phrase above into concrete actions
    throw new io.cucumber.java.PendingException();
}
@When("a POST call is made to create an employee")
public void a_post_call_is_made_to_create_an_employee() {
    // Write code here that turns the phrase above into concrete actions
    throw new io.cucumber.java.PendingException();
}
@Then("the status code for creating an employee is {int}")
public void the_status_code_for_creating_an_employee_is(Integer int1) {
    // Write code here that turns the phrase above into concrete actions
    throw new io.cucumber.java.PendingException();
}
@Then("the employee contains key {string} and value {string}")
public void the_employee_contains_key_and_value(String string, String string2) {
    // Write code here that turns the phrase above into concrete actions
    throw new io.cucumber.java.PendingException();
}
@Then("the employee id {string} is stored as a global variable to be used for other calls")
public void the_employee_id_is_stored_as_a_global_variable_to_be_used_for_other_calls(String string) {
    // Write code here that turns the phrase above into concrete actions
    throw new io.cucumber.java.PendingException();
}


API workflow for HRMS.retrieve an employee using API call  Time elapsed: 2.994 s  <<< ERROR!
io.cucumber.junit.UndefinedStepException: 
The step 'a JWT is generated' and 5 other step(s) are undefined.
You can implement these steps using the snippet(s) below:

@Given("a JWT is generated")
public void a_jwt_is_generated() {
    // Write code here that turns the phrase above into concrete actions
    throw new io.cucumber.java.PendingException();
}
@Given("a request is prepared to get the created employee")
public void a_request_is_prepared_to_get_the_created_employee() {
    // Write code here that turns the phrase above into concrete actions
    throw new io.cucumber.java.PendingException();
}
@When("a GET call is made to get the employee")
public void a_get_call_is_made_to_get_the_employee() {
    // Write code here that turns the phrase above into concrete actions
    throw new io.cucumber.java.PendingException();
}
@Then("the status code for this employee is {int}")
public void the_status_code_for_this_employee_is(Integer int1) {
    // Write code here that turns the phrase above into concrete actions
    throw new io.cucumber.java.PendingException();
}
@Then("the employee data we get having id {string} must match with globally stored employee id")
public void the_employee_data_we_get_having_id_must_match_with_globally_stored_employee_id(String string) {
    // Write code here that turns the phrase above into concrete actions
    throw new io.cucumber.java.PendingException();
}
@Then("the retrieve the data at {string} object matches with the data of created employee")
public void the_retrieve_the_data_at_object_matches_with_the_data_of_created_employee(String string, io.cucumber.datatable.DataTable dataTable) {
    // Write code here that turns the phrase above into concrete actions
    // For automatic transformation, change DataTable to one of
    // E, List<E>, List<List<E>>, List<Map<K,V>>, Map<K,V> or
    // Map<K, List<V>>. E,K,V must be a String, Integer, Float,
    // Double, Byte, Short, Long, BigInteger or BigDecimal.
    //
    // For other transformations you can register a DataTableType.
    throw new io.cucumber.java.PendingException();
}


API workflow for HRMS.create an employee using API call #3  Time elapsed: 2.597 s  <<< ERROR!
io.cucumber.junit.UndefinedStepException: 
The step 'a JWT is generated' and 5 other step(s) are undefined.
You can implement these steps using the snippet(s) below:

@Given("a JWT is generated")
public void a_jwt_is_generated() {
    // Write code here that turns the phrase above into concrete actions
    throw new io.cucumber.java.PendingException();
}
@Given("a request is prepared to create an employee with dynamic {string}, {string}, {string}, {string}, {string}, {string}, {string}")
public void a_request_is_prepared_to_create_an_employee_with_dynamic(String string, String string2, String string3, String string4, String string5, String string6, String string7) {
    // Write code here that turns the phrase above into concrete actions
    throw new io.cucumber.java.PendingException();
}
@When("a POST call is made to create an employee")
public void a_post_call_is_made_to_create_an_employee() {
    // Write code here that turns the phrase above into concrete actions
    throw new io.cucumber.java.PendingException();
}
@Then("the status code for creating an employee is {int}")
public void the_status_code_for_creating_an_employee_is(Integer int1) {
    // Write code here that turns the phrase above into concrete actions
    throw new io.cucumber.java.PendingException();
}
@Then("the employee contains key {string} and value {string}")
public void the_employee_contains_key_and_value(String string, String string2) {
    // Write code here that turns the phrase above into concrete actions
    throw new io.cucumber.java.PendingException();
}
@Then("the employee id {string} is stored as a global variable to be used for other calls")
public void the_employee_id_is_stored_as_a_global_variable_to_be_used_for_other_calls(String string) {
    // Write code here that turns the phrase above into concrete actions
    throw new io.cucumber.java.PendingException();
}


API workflow for HRMS.updating the employee via API call  Time elapsed: 2.581 s  <<< ERROR!
io.cucumber.junit.UndefinedStepException: 
The step 'a JWT is generated' and 3 other step(s) are undefined.
You can implement these steps using the snippet(s) below:

@Given("a JWT is generated")
public void a_jwt_is_generated() {
    // Write code here that turns the phrase above into concrete actions
    throw new io.cucumber.java.PendingException();
}
@Given("a request is prepared to update an employee")
public void a_request_is_prepared_to_update_an_employee() {
    // Write code here that turns the phrase above into concrete actions
    throw new io.cucumber.java.PendingException();
}
@When("a PUT call is made to update an employee")
public void a_put_call_is_made_to_update_an_employee() {
    // Write code here that turns the phrase above into concrete actions
    throw new io.cucumber.java.PendingException();
}
@Then("the status code of updated employee is {int}")
public void the_status_code_of_updated_employee_is(Integer int1) {
    // Write code here that turns the phrase above into concrete actions
    throw new io.cucumber.java.PendingException();
}


