<?xml version="1.0" encoding="UTF-8"?>
<testsuite xmlns:xsi="http://www.w3.org/2001/XMLSchema-instance" xsi:noNamespaceSchemaLocation="https://maven.apache.org/surefire/maven-surefire-plugin/xsd/surefire-test-report-3.0.xsd" version="3.0" name="TestRunner.SmokeRunner" time="118.252" tests="15" errors="5" skipped="0" failures="0">
  <properties>
[...]
</properties>
  <testcase name="create an employee using API call #1" classname="API workflow for HRMS" time="4.84">
    <error message="The step &apos;a JWT is generated&apos; and 5 other step(s) are undefined.&#10;You can implement these steps using the snippet(s) below:&#10;&#10;@Given(&quot;a JWT is generated&quot;)&#10;public void a_jwt_is_generated() {&#10;    // Write code here that turns the phrase above into concrete actions&#10;    throw new io.cucumber.java.PendingException();&#10;}&#10;@Given(&quot;a request is prepared to create an employee&quot;)&#10;public void a_request_is_prepared_to_create_an_employee() {&#10;    // Write code here that turns the phrase above into concrete actions&#10;    throw new io.cucumber.java.PendingException();&#10;}&#10;@When(&quot;a POST call is made to create an employee&quot;)&#10;public void a_post_call_is_made_to_create_an_employee() {&#10;    // Write code here that turns the phrase above into concrete actions&#10;    throw new io.cucumber.java.PendingException();&#10;}&#10;@Then(&quot;the status code for creating an employee is {int}&quot;)&#10;public void the_status_code_for_creating_an_employee_is(Integer int1) {&#10;    // Write code here that turns the phrase above into concrete actions&#10;    throw new io.cucumber.java.PendingException();&#10;}&#10;@Then(&quot;the employee contains key {string} and value {string}&quot;)&#10;public void the_employee_contains_key_and_value(String string, String string2) {&#10;    // Write code here that turns the phrase above into concrete actions&#10;    throw new io.cucumber.java.PendingException();&#10;}&#10;@Then(&quot;the employee id {string} is stored as a global variable to be used for other calls&quot;)&#10;public void the_employee_id_is_stored_as_a_global_variable_to_be_used_for_other_calls(String string) {&#10;    // Write code here that turns the phrase above into concrete actions&#10;    throw new io.cucumber.java.PendingException();&#10;}&#10;" type="io.cucumber.junit.UndefinedStepException"><![CDATA[io.cucumber.junit.UndefinedStepException: 
The step 'a JWT is generated' and 5 other step(s) are undefined.
You can implement these steps using the snippet(s) below:

@Given("a JWT is generated")
public void a_jwt_is_generated() {
    // Write code here that turns the phrase above into concrete actions
    throw new io.cucumber.java.PendingException();
}
@Given("a request is prepared to create an employee")
public void a_request_is_prepared_to_create_an_employee() {
    // Write code here that turns the phrase above into concrete actions
    throw new io.cucumber.java.PendingException();
}
@When("a POST call is made to create an employee")
public void a_post_call_is_made_to_create_an_employee() {
    // Write code here that turns the phrase above into concrete actions
    throw new io.cucumber.java.PendingException();
}
@Then("the status code for creating an employee is {int}")
public void the_status_code_for_creating_an_employee_is(Integer int1) {
    // Write code here that turns the phrase above into concrete actions
    throw new io.cucumber.java.PendingException();
}
@Then("the employee contains key {string} and value {string}")
public void the_employee_contains_key_and_value(String string, String string2) {
    // Write code here that turns the phrase above into concrete actions
    throw new io.cucumber.java.PendingException();
}
@Then("the employee id {string} is stored as a global variable to be used for other calls")
public void the_employee_id_is_stored_as_a_global_variable_to_be_used_for_other_calls(String string) {
    // Write code here that turns the phrase above into concrete actions
    throw new io.cucumber.java.PendingException();
}

]]></error>
    <system-out><![CDATA[
@api
Scenario: create an employee using API call                                                             &amp#27;[90m# src/test/resources/Features/APIWorkFlow.feature:6&amp#27;[0m
  &amp#27;[33mGiven &amp#27;[0m&amp#27;[33ma JWT is generated&amp#27;[0m
  &amp#27;[36mGiven &amp#27;[0m&amp#27;[36ma request is prepared to create an employee&amp#27;[0m
  &amp#27;[36mWhen &amp#27;[0m&amp#27;[36ma POST call is made to create an employee&amp#27;[0m
  &amp#27;[36mThen &amp#27;[0m&amp#27;[36mthe status code for creating an employee is 201&amp#27;[0m
  &amp#27;[36mThen &amp#27;[0m&amp#27;[36mthe employee contains key "Message" and value "Employee Created"&amp#27;[0m
  &amp#27;[36mThen &amp#27;[0m&amp#27;[36mthe employee id "Employee.employee_id" is stored as a global variable to be used for other calls&amp#27;[0m

    Embedding create an employee using API call [image/png 125702 bytes]

]]></system-out>
    <system-err><![CDATA[Jun 30, 2023 7:06:44 PM org.openqa.selenium.manager.SeleniumManager getDriverPath
INFO: Applicable driver not found; attempting to install with Selenium Manager (Beta)
SLF4J: Failed to load class "org.slf4j.impl.StaticLoggerBinder".
SLF4J: Defaulting to no-operation (NOP) logger implementation
SLF4J: See http://www.slf4j.org/codes.html#StaticLoggerBinder for further details.
ERROR StatusLogger Log4j2 could not find a logging implementation. Please add log4j-core to the classpath. Using SimpleLogger to log to the console...
Starting ChromeDriver 114.0.5735.90 (386bc09e8f4f2e025eddae123f36f6263096ae49-refs/branch-heads/5735@{#1052}) on port 43508
Only local connections are allowed.
Please see https://chromedriver.chromium.org/security-considerations for suggestions on keeping ChromeDriver safe.
ChromeDriver was started successfully.
Jun 30, 2023 7:06:47 PM org.openqa.selenium.devtools.CdpVersionFinder findNearestMatch
WARNING: Unable to find an exact match for CDP version 114, so returning the closest version found: 113
]]></system-err>
  </testcase>
  <testcase name="create an employee using API call #2" classname="API workflow for HRMS" time="3.116">
    <error message="The step &apos;a JWT is generated&apos; and 5 other step(s) are undefined.&#10;You can implement these steps using the snippet(s) below:&#10;&#10;@Given(&quot;a JWT is generated&quot;)&#10;public void a_jwt_is_generated() {&#10;    // Write code here that turns the phrase above into concrete actions&#10;    throw new io.cucumber.java.PendingException();&#10;}&#10;@Given(&quot;a request is prepared to create an employee using json payload&quot;)&#10;public void a_request_is_prepared_to_create_an_employee_using_json_payload() {&#10;    // Write code here that turns the phrase above into concrete actions&#10;    throw new io.cucumber.java.PendingException();&#10;}&#10;@When(&quot;a POST call is made to create an employee&quot;)&#10;public void a_post_call_is_made_to_create_an_employee() {&#10;    // Write code here that turns the phrase above into concrete actions&#10;    throw new io.cucumber.java.PendingException();&#10;}&#10;@Then(&quot;the status code for creating an employee is {int}&quot;)&#10;public void the_status_code_for_creating_an_employee_is(Integer int1) {&#10;    // Write code here that turns the phrase above into concrete actions&#10;    throw new io.cucumber.java.PendingException();&#10;}&#10;@Then(&quot;the employee contains key {string} and value {string}&quot;)&#10;public void the_employee_contains_key_and_value(String string, String string2) {&#10;    // Write code here that turns the phrase above into concrete actions&#10;    throw new io.cucumber.java.PendingException();&#10;}&#10;@Then(&quot;the employee id {string} is stored as a global variable to be used for other calls&quot;)&#10;public void the_employee_id_is_stored_as_a_global_variable_to_be_used_for_other_calls(String string) {&#10;    // Write code here that turns the phrase above into concrete actions&#10;    throw new io.cucumber.java.PendingException();&#10;}&#10;" type="io.cucumber.junit.UndefinedStepException"><![CDATA[io.cucumber.junit.UndefinedStepException: 
The step 'a JWT is generated' and 5 other step(s) are undefined.
You can implement these steps using the snippet(s) below:

@Given("a JWT is generated")
public void a_jwt_is_generated() {
    // Write code here that turns the phrase above into concrete actions
    throw new io.cucumber.java.PendingException();
}
@Given("a request is prepared to create an employee using json payload")
public void a_request_is_prepared_to_create_an_employee_using_json_payload() {
    // Write code here that turns the phrase above into concrete actions
    throw new io.cucumber.java.PendingException();
}
@When("a POST call is made to create an employee")
public void a_post_call_is_made_to_create_an_employee() {
    // Write code here that turns the phrase above into concrete actions
    throw new io.cucumber.java.PendingException();
}
@Then("the status code for creating an employee is {int}")
public void the_status_code_for_creating_an_employee_is(Integer int1) {
    // Write code here that turns the phrase above into concrete actions
    throw new io.cucumber.java.PendingException();
}
@Then("the employee contains key {string} and value {string}")
public void the_employee_contains_key_and_value(String string, String string2) {
    // Write code here that turns the phrase above into concrete actions
    throw new io.cucumber.java.PendingException();
}
@Then("the employee id {string} is stored as a global variable to be used for other calls")
public void the_employee_id_is_stored_as_a_global_variable_to_be_used_for_other_calls(String string) {
    // Write code here that turns the phrase above into concrete actions
    throw new io.cucumber.java.PendingException();
}

]]></error>
    <system-out><![CDATA[
@apiJsonWorkFlow
Scenario: create an employee using API call                                                             &amp#27;[90m# src/test/resources/Features/APIWorkFlow.feature:15&amp#27;[0m
  &amp#27;[33mGiven &amp#27;[0m&amp#27;[33ma JWT is generated&amp#27;[0m
  &amp#27;[36mGiven &amp#27;[0m&amp#27;[36ma request is prepared to create an employee using json payload&amp#27;[0m
  &amp#27;[36mWhen &amp#27;[0m&amp#27;[36ma POST call is made to create an employee&amp#27;[0m
  &amp#27;[36mThen &amp#27;[0m&amp#27;[36mthe status code for creating an employee is 201&amp#27;[0m
  &amp#27;[36mThen &amp#27;[0m&amp#27;[36mthe employee contains key "Message" and value "Employee Created"&amp#27;[0m
  &amp#27;[36mThen &amp#27;[0m&amp#27;[36mthe employee id "Employee.employee_id" is stored as a global variable to be used for other calls&amp#27;[0m

    Embedding create an employee using API call [image/png 125702 bytes]

]]></system-out>
    <system-err><![CDATA[Jun 30, 2023 7:06:48 PM org.openqa.selenium.manager.SeleniumManager getDriverPath
INFO: Applicable driver not found; attempting to install with Selenium Manager (Beta)
Starting ChromeDriver 114.0.5735.90 (386bc09e8f4f2e025eddae123f36f6263096ae49-refs/branch-heads/5735@{#1052}) on port 34737
Only local connections are allowed.
Please see https://chromedriver.chromium.org/security-considerations for suggestions on keeping ChromeDriver safe.
ChromeDriver was started successfully.
Jun 30, 2023 7:06:50 PM org.openqa.selenium.devtools.CdpVersionFinder findNearestMatch
WARNING: Unable to find an exact match for CDP version 114, so returning the closest version found: 113
]]></system-err>
  </testcase>
  <testcase name="retrieve an employee using API call" classname="API workflow for HRMS" time="2.994">
    <error message="The step &apos;a JWT is generated&apos; and 5 other step(s) are undefined.&#10;You can implement these steps using the snippet(s) below:&#10;&#10;@Given(&quot;a JWT is generated&quot;)&#10;public void a_jwt_is_generated() {&#10;    // Write code here that turns the phrase above into concrete actions&#10;    throw new io.cucumber.java.PendingException();&#10;}&#10;@Given(&quot;a request is prepared to get the created employee&quot;)&#10;public void a_request_is_prepared_to_get_the_created_employee() {&#10;    // Write code here that turns the phrase above into concrete actions&#10;    throw new io.cucumber.java.PendingException();&#10;}&#10;@When(&quot;a GET call is made to get the employee&quot;)&#10;public void a_get_call_is_made_to_get_the_employee() {&#10;    // Write code here that turns the phrase above into concrete actions&#10;    throw new io.cucumber.java.PendingException();&#10;}&#10;@Then(&quot;the status code for this employee is {int}&quot;)&#10;public void the_status_code_for_this_employee_is(Integer int1) {&#10;    // Write code here that turns the phrase above into concrete actions&#10;    throw new io.cucumber.java.PendingException();&#10;}&#10;@Then(&quot;the employee data we get having id {string} must match with globally stored employee id&quot;)&#10;public void the_employee_data_we_get_having_id_must_match_with_globally_stored_employee_id(String string) {&#10;    // Write code here that turns the phrase above into concrete actions&#10;    throw new io.cucumber.java.PendingException();&#10;}&#10;@Then(&quot;the retrieve the data at {string} object matches with the data of created employee&quot;)&#10;public void the_retrieve_the_data_at_object_matches_with_the_data_of_created_employee(String string, io.cucumber.datatable.DataTable dataTable) {&#10;    // Write code here that turns the phrase above into concrete actions&#10;    // For automatic transformation, change DataTable to one of&#10;    // E, List&lt;E&gt;, List&lt;List&lt;E&gt;&gt;, List&lt;Map&lt;K,V&gt;&gt;, Map&lt;K,V&gt; or&#10;    // Map&lt;K, List&lt;V&gt;&gt;. E,K,V must be a String, Integer, Float,&#10;    // Double, Byte, Short, Long, BigInteger or BigDecimal.&#10;    //&#10;    // For other transformations you can register a DataTableType.&#10;    throw new io.cucumber.java.PendingException();&#10;}&#10;" type="io.cucumber.junit.UndefinedStepException"><![CDATA[io.cucumber.junit.UndefinedStepException: 
The step 'a JWT is generated' and 5 other step(s) are undefined.
You can implement these steps using the snippet(s) below:

@Given("a JWT is generated")
public void a_jwt_is_generated() {
    // Write code here that turns the phrase above into concrete actions
    throw new io.cucumber.java.PendingException();
}
@Given("a request is prepared to get the created employee")
public void a_request_is_prepared_to_get_the_created_employee() {
    // Write code here that turns the phrase above into concrete actions
    throw new io.cucumber.java.PendingException();
}
@When("a GET call is made to get the employee")
public void a_get_call_is_made_to_get_the_employee() {
    // Write code here that turns the phrase above into concrete actions
    throw new io.cucumber.java.PendingException();
}
@Then("the status code for this employee is {int}")
public void the_status_code_for_this_employee_is(Integer int1) {
    // Write code here that turns the phrase above into concrete actions
    throw new io.cucumber.java.PendingException();
}
@Then("the employee data we get having id {string} must match with globally stored employee id")
public void the_employee_data_we_get_having_id_must_match_with_globally_stored_employee_id(String string) {
    // Write code here that turns the phrase above into concrete actions
    throw new io.cucumber.java.PendingException();
}
@Then("the retrieve the data at {string} object matches with the data of created employee")
public void the_retrieve_the_data_at_object_matches_with_the_data_of_created_employee(String string, io.cucumber.datatable.DataTable dataTable) {
    // Write code here that turns the phrase above into concrete actions
    // For automatic transformation, change DataTable to one of
    // E, List<E>, List<List<E>>, List<Map<K,V>>, Map<K,V> or
    // Map<K, List<V>>. E,K,V must be a String, Integer, Float,
    // Double, Byte, Short, Long, BigInteger or BigDecimal.
    //
    // For other transformations you can register a DataTableType.
    throw new io.cucumber.java.PendingException();
}

]]></error>
    <system-out><![CDATA[
@apiJsonWorkFlow
Scenario: retrieve an employee using API call                                                                &amp#27;[90m# src/test/resources/Features/APIWorkFlow.feature:23&amp#27;[0m
  &amp#27;[33mGiven &amp#27;[0m&amp#27;[33ma JWT is generated&amp#27;[0m
  &amp#27;[36mGiven &amp#27;[0m&amp#27;[36ma request is prepared to get the created employee&amp#27;[0m
  &amp#27;[36mWhen &amp#27;[0m&amp#27;[36ma GET call is made to get the employee&amp#27;[0m
  &amp#27;[36mThen &amp#27;[0m&amp#27;[36mthe status code for this employee is 200&amp#27;[0m
  &amp#27;[36mThen &amp#27;[0m&amp#27;[36mthe employee data we get having id "employee.employee_id" must match with globally stored employee id&amp#27;[0m
  &amp#27;[36mThen &amp#27;[0m&amp#27;[36mthe retrieve the data at "employee" object matches with the data of created employee&amp#27;[0m
    | emp_firstname | emp_lastname | emp_middle_name | emp_gender | emp_birthday | emp_status | emp_job_title |
    | Tom           | Hanks        | J.              | Male       | 2012-05-20   | confirmed  | Engineer      |

    Embedding retrieve an employee using API call [image/png 125702 bytes]

]]></system-out>
    <system-err><![CDATA[Jun 30, 2023 7:06:51 PM org.openqa.selenium.manager.SeleniumManager getDriverPath
INFO: Applicable driver not found; attempting to install with Selenium Manager (Beta)
Starting ChromeDriver 114.0.5735.90 (386bc09e8f4f2e025eddae123f36f6263096ae49-refs/branch-heads/5735@{#1052}) on port 34610
Only local connections are allowed.
Please see https://chromedriver.chromium.org/security-considerations for suggestions on keeping ChromeDriver safe.
ChromeDriver was started successfully.
Jun 30, 2023 7:06:53 PM org.openqa.selenium.devtools.CdpVersionFinder findNearestMatch
WARNING: Unable to find an exact match for CDP version 114, so returning the closest version found: 113
]]></system-err>
  </testcase>
  <testcase name="create an employee using API call #3" classname="API workflow for HRMS" time="2.597">
    <error message="The step &apos;a JWT is generated&apos; and 5 other step(s) are undefined.&#10;You can implement these steps using the snippet(s) below:&#10;&#10;@Given(&quot;a JWT is generated&quot;)&#10;public void a_jwt_is_generated() {&#10;    // Write code here that turns the phrase above into concrete actions&#10;    throw new io.cucumber.java.PendingException();&#10;}&#10;@Given(&quot;a request is prepared to create an employee with dynamic {string}, {string}, {string}, {string}, {string}, {string}, {string}&quot;)&#10;public void a_request_is_prepared_to_create_an_employee_with_dynamic(String string, String string2, String string3, String string4, String string5, String string6, String string7) {&#10;    // Write code here that turns the phrase above into concrete actions&#10;    throw new io.cucumber.java.PendingException();&#10;}&#10;@When(&quot;a POST call is made to create an employee&quot;)&#10;public void a_post_call_is_made_to_create_an_employee() {&#10;    // Write code here that turns the phrase above into concrete actions&#10;    throw new io.cucumber.java.PendingException();&#10;}&#10;@Then(&quot;the status code for creating an employee is {int}&quot;)&#10;public void the_status_code_for_creating_an_employee_is(Integer int1) {&#10;    // Write code here that turns the phrase above into concrete actions&#10;    throw new io.cucumber.java.PendingException();&#10;}&#10;@Then(&quot;the employee contains key {string} and value {string}&quot;)&#10;public void the_employee_contains_key_and_value(String string, String string2) {&#10;    // Write code here that turns the phrase above into concrete actions&#10;    throw new io.cucumber.java.PendingException();&#10;}&#10;@Then(&quot;the employee id {string} is stored as a global variable to be used for other calls&quot;)&#10;public void the_employee_id_is_stored_as_a_global_variable_to_be_used_for_other_calls(String string) {&#10;    // Write code here that turns the phrase above into concrete actions&#10;    throw new io.cucumber.java.PendingException();&#10;}&#10;" type="io.cucumber.junit.UndefinedStepException"><![CDATA[io.cucumber.junit.UndefinedStepException: 
The step 'a JWT is generated' and 5 other step(s) are undefined.
You can implement these steps using the snippet(s) below:

@Given("a JWT is generated")
public void a_jwt_is_generated() {
    // Write code here that turns the phrase above into concrete actions
    throw new io.cucumber.java.PendingException();
}
@Given("a request is prepared to create an employee with dynamic {string}, {string}, {string}, {string}, {string}, {string}, {string}")
public void a_request_is_prepared_to_create_an_employee_with_dynamic(String string, String string2, String string3, String string4, String string5, String string6, String string7) {
    // Write code here that turns the phrase above into concrete actions
    throw new io.cucumber.java.PendingException();
}
@When("a POST call is made to create an employee")
public void a_post_call_is_made_to_create_an_employee() {
    // Write code here that turns the phrase above into concrete actions
    throw new io.cucumber.java.PendingException();
}
@Then("the status code for creating an employee is {int}")
public void the_status_code_for_creating_an_employee_is(Integer int1) {
    // Write code here that turns the phrase above into concrete actions
    throw new io.cucumber.java.PendingException();
}
@Then("the employee contains key {string} and value {string}")
public void the_employee_contains_key_and_value(String string, String string2) {
    // Write code here that turns the phrase above into concrete actions
    throw new io.cucumber.java.PendingException();
}
@Then("the employee id {string} is stored as a global variable to be used for other calls")
public void the_employee_id_is_stored_as_a_global_variable_to_be_used_for_other_calls(String string) {
    // Write code here that turns the phrase above into concrete actions
    throw new io.cucumber.java.PendingException();
}

]]></error>
    <system-out><![CDATA[
@apiPayloadMoreDynamic
Scenario: create an employee using API call                                                                                          &amp#27;[90m# src/test/resources/Features/APIWorkFlow.feature:33&amp#27;[0m
  &amp#27;[33mGiven &amp#27;[0m&amp#27;[33ma JWT is generated&amp#27;[0m
  &amp#27;[36mGiven &amp#27;[0m&amp#27;[36ma request is prepared to create an employee with dynamic "nelena", "faria", "ms", "F", "2012-05-20", "Confirmed", "Engineer"&amp#27;[0m
  &amp#27;[36mWhen &amp#27;[0m&amp#27;[36ma POST call is made to create an employee&amp#27;[0m
  &amp#27;[36mThen &amp#27;[0m&amp#27;[36mthe status code for creating an employee is 201&amp#27;[0m
  &amp#27;[36mThen &amp#27;[0m&amp#27;[36mthe employee contains key "Message" and value "Employee Created"&amp#27;[0m
  &amp#27;[36mThen &amp#27;[0m&amp#27;[36mthe employee id "Employee.employee_id" is stored as a global variable to be used for other calls&amp#27;[0m

    Embedding create an employee using API call [image/png 125702 bytes]

]]></system-out>
    <system-err><![CDATA[Jun 30, 2023 7:06:54 PM org.openqa.selenium.manager.SeleniumManager getDriverPath
INFO: Applicable driver not found; attempting to install with Selenium Manager (Beta)
Starting ChromeDriver 114.0.5735.90 (386bc09e8f4f2e025eddae123f36f6263096ae49-refs/branch-heads/5735@{#1052}) on port 15085
Only local connections are allowed.
Please see https://chromedriver.chromium.org/security-considerations for suggestions on keeping ChromeDriver safe.
ChromeDriver was started successfully.
Jun 30, 2023 7:06:56 PM org.openqa.selenium.devtools.CdpVersionFinder findNearestMatch
WARNING: Unable to find an exact match for CDP version 114, so returning the closest version found: 113
]]></system-err>
  </testcase>
  <testcase name="updating the employee via API call" classname="API workflow for HRMS" time="2.581">
    <error message="The step &apos;a JWT is generated&apos; and 3 other step(s) are undefined.&#10;You can implement these steps using the snippet(s) below:&#10;&#10;@Given(&quot;a JWT is generated&quot;)&#10;public void a_jwt_is_generated() {&#10;    // Write code here that turns the phrase above into concrete actions&#10;    throw new io.cucumber.java.PendingException();&#10;}&#10;@Given(&quot;a request is prepared to update an employee&quot;)&#10;public void a_request_is_prepared_to_update_an_employee() {&#10;    // Write code here that turns the phrase above into concrete actions&#10;    throw new io.cucumber.java.PendingException();&#10;}&#10;@When(&quot;a PUT call is made to update an employee&quot;)&#10;public void a_put_call_is_made_to_update_an_employee() {&#10;    // Write code here that turns the phrase above into concrete actions&#10;    throw new io.cucumber.java.PendingException();&#10;}&#10;@Then(&quot;the status code of updated employee is {int}&quot;)&#10;public void the_status_code_of_updated_employee_is(Integer int1) {&#10;    // Write code here that turns the phrase above into concrete actions&#10;    throw new io.cucumber.java.PendingException();&#10;}&#10;" type="io.cucumber.junit.UndefinedStepException"><![CDATA[io.cucumber.junit.UndefinedStepException: 
The step 'a JWT is generated' and 3 other step(s) are undefined.
You can implement these steps using the snippet(s) below:

@Given("a JWT is generated")
public void a_jwt_is_generated() {
    // Write code here that turns the phrase above into concrete actions
    throw new io.cucumber.java.PendingException();
}
@Given("a request is prepared to update an employee")
public void a_request_is_prepared_to_update_an_employee() {
    // Write code here that turns the phrase above into concrete actions
    throw new io.cucumber.java.PendingException();
}
@When("a PUT call is made to update an employee")
public void a_put_call_is_made_to_update_an_employee() {
    // Write code here that turns the phrase above into concrete actions
    throw new io.cucumber.java.PendingException();
}
@Then("the status code of updated employee is {int}")
public void the_status_code_of_updated_employee_is(Integer int1) {
    // Write code here that turns the phrase above into concrete actions
    throw new io.cucumber.java.PendingException();
}

]]></error>
    <system-out><![CDATA[
@updateEmployee
Scenario: updating the employee via API call        &amp#27;[90m# src/test/resources/Features/APIWorkFlow.feature:41&amp#27;[0m
  &amp#27;[33mGiven &amp#27;[0m&amp#27;[33ma JWT is generated&amp#27;[0m
  &amp#27;[36mGiven &amp#27;[0m&amp#27;[36ma request is prepared to update an employee&amp#27;[0m
  &amp#27;[36mWhen &amp#27;[0m&amp#27;[36ma PUT call is made to update an employee&amp#27;[0m
  &amp#27;[36mThen &amp#27;[0m&amp#27;[36mthe status code of updated employee is 200&amp#27;[0m

    Embedding updating the employee via API call [image/png 125702 bytes]

]]></system-out>
    <system-err><![CDATA[Jun 30, 2023 7:06:57 PM org.openqa.selenium.manager.SeleniumManager getDriverPath
INFO: Applicable driver not found; attempting to install with Selenium Manager (Beta)
Starting ChromeDriver 114.0.5735.90 (386bc09e8f4f2e025eddae123f36f6263096ae49-refs/branch-heads/5735@{#1052}) on port 2911
Only local connections are allowed.
Please see https://chromedriver.chromium.org/security-considerations for suggestions on keeping ChromeDriver safe.
ChromeDriver was started successfully.
Jun 30, 2023 7:06:58 PM org.openqa.selenium.devtools.CdpVersionFinder findNearestMatch
WARNING: Unable to find an exact match for CDP version 114, so returning the closest version found: 113
]]></system-err>
  </testcase>
  <testcase name="Adding a new Employee" classname="Employee" time="14.713">
    <system-out><![CDATA[
@smoke
Scenario: Adding a new Employee                         &amp#27;[90m# src/test/resources/Features/AddEmployee.feature:8&amp#27;[0m
  &amp#27;[32mWhen &amp#27;[0m&amp#27;[32muser enters valid email and valid password&amp#27;[0m       &amp#27;[90m# StepDefinitions.Login.user_enters_valid_email_and_valid_password()&amp#27;[0m
  &amp#27;[32mAnd &amp#27;[0m&amp#27;[32mclick on login button&amp#27;[0m                             &amp#27;[90m# StepDefinitions.Login.click_on_login_button()&amp#27;[0m
  &amp#27;[32mWhen &amp#27;[0m&amp#27;[32muser clicks on PIM option&amp#27;[0m                        &amp#27;[90m# StepDefinitions.AddEmployee.user_clicks_on_pim_option()&amp#27;[0m
  &amp#27;[32mAnd &amp#27;[0m&amp#27;[32muser clicks on add employee button&amp#27;[0m                &amp#27;[90m# StepDefinitions.AddEmployee.user_clicks_on_add_employee_button()&amp#27;[0m
  &amp#27;[32mAnd &amp#27;[0m&amp#27;[32muser enters firstname and middlename and lastname&amp#27;[0m &amp#27;[90m# StepDefinitions.AddEmployee.user_enters_firstname_and_middlename_and_lastname()&amp#27;[0m

    Embedding Adding a new Employee [image/png 72461 bytes]

]]></system-out>
    <system-err><![CDATA[Jun 30, 2023 7:06:59 PM org.openqa.selenium.manager.SeleniumManager getDriverPath
INFO: Applicable driver not found; attempting to install with Selenium Manager (Beta)
Starting ChromeDriver 114.0.5735.90 (386bc09e8f4f2e025eddae123f36f6263096ae49-refs/branch-heads/5735@{#1052}) on port 8927
Only local connections are allowed.
Please see https://chromedriver.chromium.org/security-considerations for suggestions on keeping ChromeDriver safe.
ChromeDriver was started successfully.
Jun 30, 2023 7:07:01 PM org.openqa.selenium.devtools.CdpVersionFinder findNearestMatch
WARNING: Unable to find an exact match for CDP version 114, so returning the closest version found: 113
[1688166434.547][SEVERE]: Unable to receive message from renderer
]]></system-err>
  </testcase>
  <testcase name="adding the employee from frontend and verifying it from backend" classname="Employee" time="18.05">
    <system-out><![CDATA[
@testcase11
Scenario: adding the employee from frontend and verifying it from backend &amp#27;[90m# src/test/resources/Features/AddEmployee.feature:17&amp#27;[0m
  &amp#27;[32mWhen &amp#27;[0m&amp#27;[32muser enters valid email and valid password&amp#27;[0m                         &amp#27;[90m# StepDefinitions.Login.user_enters_valid_email_and_valid_password()&amp#27;[0m
  &amp#27;[32mAnd &amp#27;[0m&amp#27;[32mclick on login button&amp#27;[0m                                               &amp#27;[90m# StepDefinitions.Login.click_on_login_button()&amp#27;[0m
  &amp#27;[32mWhen &amp#27;[0m&amp#27;[32muser clicks on PIM option&amp#27;[0m                                          &amp#27;[90m# StepDefinitions.AddEmployee.user_clicks_on_pim_option()&amp#27;[0m
  &amp#27;[32mAnd &amp#27;[0m&amp#27;[32muser clicks on add employee button&amp#27;[0m                                  &amp#27;[90m# StepDefinitions.AddEmployee.user_clicks_on_add_employee_button()&amp#27;[0m
  &amp#27;[32mAnd &amp#27;[0m&amp#27;[32muser enters &amp#27;[0m&amp#27;[32m&amp#27;[1m"nesha"&amp#27;[0m&amp#27;[32m and &amp#27;[0m&amp#27;[32m&amp#27;[1m"sania"&amp#27;[0m&amp#27;[32m and &amp#27;[0m&amp#27;[32m&amp#27;[1m"standart"&amp#27;[0m                      &amp#27;[90m# StepDefinitions.AddEmployee.user_enters_and_and(java.lang.String,java.lang.String,java.lang.String)&amp#27;[0m
The employee id is 65135859
  &amp#27;[32mAnd &amp#27;[0m&amp#27;[32muser captures the employee id&amp#27;[0m                                       &amp#27;[90m# StepDefinitions.AddEmployee.user_captures_the_employee_id()&amp#27;[0m
  &amp#27;[32mAnd &amp#27;[0m&amp#27;[32muser clicks on save button&amp#27;[0m                                          &amp#27;[90m# StepDefinitions.AddEmployee.user_clicks_on_save_button()&amp#27;[0m
{emp_number=85854, employee_id=65135859, emp_lastname=standart, emp_firstname=nesha, emp_middle_name=sania, emp_nick_name=, emp_smoker=0, ethnic_race_code=null, emp_birthday=null, nation_code=null, emp_gender=null, emp_marital_status=null, emp_ssn_num=, emp_sin_num=, emp_other_id=, emp_dri_lice_num=, emp_dri_lice_exp_date=null, emp_military_service=, emp_status=null, job_title_code=null, eeo_cat_code=null, work_station=null, emp_street1=, emp_street2=, city_code=, coun_code=, provin_code=, emp_zipcode=null, emp_hm_telephone=null, emp_mobile=null, emp_work_telephone=null, emp_work_email=null, joined_date=null, emp_oth_email=null, termination_id=null, erep_sup_emp_number=null, erep_reporting_mode=null}
  &amp#27;[32mAnd &amp#27;[0m&amp#27;[32mquery the in information in backend&amp#27;[0m                                 &amp#27;[90m# StepDefinitions.AddEmployee.query_the_in_information_in_backend()&amp#27;[0m
nesha
standart
My assertion has passed my test case
  &amp#27;[32mThen &amp#27;[0m&amp#27;[32mverify the results from frontend and backend&amp#27;[0m                       &amp#27;[90m# StepDefinitions.AddEmployee.verify_the_results_from_frontend_and_backend()&amp#27;[0m

    Embedding adding the employee from frontend and verifying it from backend [image/png 129371 bytes]

]]></system-out>
    <system-err><![CDATA[Jun 30, 2023 7:07:14 PM org.openqa.selenium.manager.SeleniumManager getDriverPath
INFO: Applicable driver not found; attempting to install with Selenium Manager (Beta)
Starting ChromeDriver 114.0.5735.90 (386bc09e8f4f2e025eddae123f36f6263096ae49-refs/branch-heads/5735@{#1052}) on port 8000
Only local connections are allowed.
Please see https://chromedriver.chromium.org/security-considerations for suggestions on keeping ChromeDriver safe.
ChromeDriver was started successfully.
Jun 30, 2023 7:07:15 PM org.openqa.selenium.devtools.CdpVersionFinder findNearestMatch
WARNING: Unable to find an exact match for CDP version 114, so returning the closest version found: 113
]]></system-err>
  </testcase>
  <testcase name="Search Employee by Id" classname="Searching the employee" time="16.047">
    <system-out><![CDATA[
@smoke55
Scenario: Search Employee by Id                   &amp#27;[90m# src/test/resources/Features/EmployeeSearch.feature:8&amp#27;[0m
  &amp#27;[32mWhen &amp#27;[0m&amp#27;[32muser enters valid email and valid password&amp#27;[0m &amp#27;[90m# StepDefinitions.Login.user_enters_valid_email_and_valid_password()&amp#27;[0m
  &amp#27;[32mAnd &amp#27;[0m&amp#27;[32mclick on login button&amp#27;[0m                       &amp#27;[90m# StepDefinitions.Login.click_on_login_button()&amp#27;[0m
  &amp#27;[32mWhen &amp#27;[0m&amp#27;[32muser clicks on PIM option&amp#27;[0m                  &amp#27;[90m# StepDefinitions.AddEmployee.user_clicks_on_pim_option()&amp#27;[0m
  &amp#27;[32mWhen &amp#27;[0m&amp#27;[32muser enters valid employee Id&amp#27;[0m              &amp#27;[90m# StepDefinitions.EmployeeSearch.user_enters_valid_employee_id()&amp#27;[0m
  &amp#27;[32mAnd &amp#27;[0m&amp#27;[32mclicks on search button&amp#27;[0m                     &amp#27;[90m# StepDefinitions.EmployeeSearch.clicks_on_search_button()&amp#27;[0m
The employee is displayed
  &amp#27;[32mAnd &amp#27;[0m&amp#27;[32muser sees employee information displayed&amp#27;[0m    &amp#27;[90m# StepDefinitions.EmployeeSearch.user_sees_employee_information_displayed()&amp#27;[0m

    Embedding Search Employee by Id [image/png 80674 bytes]

]]></system-out>
    <system-err><![CDATA[Jun 30, 2023 7:07:32 PM org.openqa.selenium.manager.SeleniumManager getDriverPath
INFO: Applicable driver not found; attempting to install with Selenium Manager (Beta)
Starting ChromeDriver 114.0.5735.90 (386bc09e8f4f2e025eddae123f36f6263096ae49-refs/branch-heads/5735@{#1052}) on port 9010
Only local connections are allowed.
Please see https://chromedriver.chromium.org/security-considerations for suggestions on keeping ChromeDriver safe.
ChromeDriver was started successfully.
Jun 30, 2023 7:07:34 PM org.openqa.selenium.devtools.CdpVersionFinder findNearestMatch
WARNING: Unable to find an exact match for CDP version 114, so returning the closest version found: 113
]]></system-err>
  </testcase>
  <testcase name="Search Employee by Job Title" classname="Searching the employee" time="16.105">
    <system-out><![CDATA[
@smoke123
Scenario: Search Employee by Job Title            &amp#27;[90m# src/test/resources/Features/EmployeeSearch.feature:19&amp#27;[0m
  &amp#27;[32mWhen &amp#27;[0m&amp#27;[32muser enters valid email and valid password&amp#27;[0m &amp#27;[90m# StepDefinitions.Login.user_enters_valid_email_and_valid_password()&amp#27;[0m
  &amp#27;[32mAnd &amp#27;[0m&amp#27;[32mclick on login button&amp#27;[0m                       &amp#27;[90m# StepDefinitions.Login.click_on_login_button()&amp#27;[0m
  &amp#27;[32mWhen &amp#27;[0m&amp#27;[32muser clicks on PIM option&amp#27;[0m                  &amp#27;[90m# StepDefinitions.AddEmployee.user_clicks_on_pim_option()&amp#27;[0m
  &amp#27;[32mWhen &amp#27;[0m&amp#27;[32muser selects job title&amp#27;[0m                     &amp#27;[90m# StepDefinitions.EmployeeSearch.user_selects_job_title()&amp#27;[0m
  &amp#27;[32mAnd &amp#27;[0m&amp#27;[32mclicks on search button&amp#27;[0m                     &amp#27;[90m# StepDefinitions.EmployeeSearch.clicks_on_search_button()&amp#27;[0m
The employee is displayed
  &amp#27;[32mAnd &amp#27;[0m&amp#27;[32muser sees employee information displayed&amp#27;[0m    &amp#27;[90m# StepDefinitions.EmployeeSearch.user_sees_employee_information_displayed()&amp#27;[0m

    Embedding Search Employee by Job Title [image/png 82037 bytes]

]]></system-out>
    <system-err><![CDATA[Jun 30, 2023 7:07:48 PM org.openqa.selenium.manager.SeleniumManager getDriverPath
INFO: Applicable driver not found; attempting to install with Selenium Manager (Beta)
Starting ChromeDriver 114.0.5735.90 (386bc09e8f4f2e025eddae123f36f6263096ae49-refs/branch-heads/5735@{#1052}) on port 17431
Only local connections are allowed.
Please see https://chromedriver.chromium.org/security-considerations for suggestions on keeping ChromeDriver safe.
ChromeDriver was started successfully.
Jun 30, 2023 7:07:50 PM org.openqa.selenium.devtools.CdpVersionFinder findNearestMatch
WARNING: Unable to find an exact match for CDP version 114, so returning the closest version found: 113
]]></system-err>
  </testcase>
  <testcase name="Valid Admin Login #1" classname="Login Functionalities" time="4.323">
    <system-out><![CDATA[
@smoke1
Scenario: Valid Admin Login                       &amp#27;[90m# src/test/resources/Features/Login.feature:4&amp#27;[0m
  &amp#27;[32mWhen &amp#27;[0m&amp#27;[32muser enters valid email and valid password&amp#27;[0m &amp#27;[90m# StepDefinitions.Login.user_enters_valid_email_and_valid_password()&amp#27;[0m
  &amp#27;[32mAnd &amp#27;[0m&amp#27;[32mclick on login button&amp#27;[0m                       &amp#27;[90m# StepDefinitions.Login.click_on_login_button()&amp#27;[0m
user is successfully logged in!
  &amp#27;[32mThen &amp#27;[0m&amp#27;[32muser is logged in successfully&amp#27;[0m             &amp#27;[90m# StepDefinitions.Login.user_is_logged_in_successfully()&amp#27;[0m

    Embedding Valid Admin Login [image/png 62967 bytes]

]]></system-out>
    <system-err><![CDATA[Jun 30, 2023 7:08:04 PM org.openqa.selenium.manager.SeleniumManager getDriverPath
INFO: Applicable driver not found; attempting to install with Selenium Manager (Beta)
Starting ChromeDriver 114.0.5735.90 (386bc09e8f4f2e025eddae123f36f6263096ae49-refs/branch-heads/5735@{#1052}) on port 24845
Only local connections are allowed.
Please see https://chromedriver.chromium.org/security-considerations for suggestions on keeping ChromeDriver safe.
ChromeDriver was started successfully.
Jun 30, 2023 7:08:06 PM org.openqa.selenium.devtools.CdpVersionFinder findNearestMatch
WARNING: Unable to find an exact match for CDP version 114, so returning the closest version found: 113
]]></system-err>
  </testcase>
  <testcase name="Valid Admin Login #2" classname="Login Functionalities" time="4.633">
    <system-out><![CDATA[
@smoke2
Scenario: Valid Admin Login                              &amp#27;[90m# src/test/resources/Features/Login.feature:12&amp#27;[0m
  &amp#27;[32mWhen &amp#27;[0m&amp#27;[32muser enters valid &amp#27;[0m&amp#27;[32m&amp#27;[1m"admin"&amp#27;[0m&amp#27;[32m and valid &amp#27;[0m&amp#27;[32m&amp#27;[1m"Hum@nhrm123"&amp#27;[0m &amp#27;[90m# StepDefinitions.Login.user_enters_valid_and_valid(java.lang.String,java.lang.String)&amp#27;[0m
  &amp#27;[32mAnd &amp#27;[0m&amp#27;[32mclick on login button&amp#27;[0m                              &amp#27;[90m# StepDefinitions.Login.click_on_login_button()&amp#27;[0m
user is successfully logged in!
  &amp#27;[32mThen &amp#27;[0m&amp#27;[32muser is logged in successfully&amp#27;[0m                    &amp#27;[90m# StepDefinitions.Login.user_is_logged_in_successfully()&amp#27;[0m

    Embedding Valid Admin Login [image/png 62967 bytes]

]]></system-out>
    <system-err><![CDATA[Jun 30, 2023 7:08:09 PM org.openqa.selenium.manager.SeleniumManager getDriverPath
INFO: Applicable driver not found; attempting to install with Selenium Manager (Beta)
Starting ChromeDriver 114.0.5735.90 (386bc09e8f4f2e025eddae123f36f6263096ae49-refs/branch-heads/5735@{#1052}) on port 32142
Only local connections are allowed.
Please see https://chromedriver.chromium.org/security-considerations for suggestions on keeping ChromeDriver safe.
ChromeDriver was started successfully.
Jun 30, 2023 7:08:11 PM org.openqa.selenium.devtools.CdpVersionFinder findNearestMatch
WARNING: Unable to find an exact match for CDP version 114, so returning the closest version found: 113
]]></system-err>
  </testcase>
  <testcase name="Login with multiple credentials using Scenario Outline #1" classname="Login Functionalities" time="4.145">
    <system-out><![CDATA[
@scenarioOutline
Scenario Outline: Login with multiple credentials using Scenario Outline &amp#27;[90m# src/test/resources/Features/Login.feature:29&amp#27;[0m
  &amp#27;[32mWhen &amp#27;[0m&amp#27;[32muser enters valid &amp#27;[0m&amp#27;[32m&amp#27;[1m"admin"&amp#27;[0m&amp#27;[32m and valid &amp#27;[0m&amp#27;[32m&amp#27;[1m"Hum@nhrm123"&amp#27;[0m                 &amp#27;[90m# StepDefinitions.Login.user_enters_valid_and_valid(java.lang.String,java.lang.String)&amp#27;[0m
  &amp#27;[32mAnd &amp#27;[0m&amp#27;[32mclick on login button&amp#27;[0m                                              &amp#27;[90m# StepDefinitions.Login.click_on_login_button()&amp#27;[0m
user is successfully logged in!
  &amp#27;[32mThen &amp#27;[0m&amp#27;[32muser is logged in successfully&amp#27;[0m                                    &amp#27;[90m# StepDefinitions.Login.user_is_logged_in_successfully()&amp#27;[0m

    Embedding Login with multiple credentials using Scenario Outline [image/png 62967 bytes]

]]></system-out>
    <system-err><![CDATA[Jun 30, 2023 7:08:13 PM org.openqa.selenium.manager.SeleniumManager getDriverPath
INFO: Applicable driver not found; attempting to install with Selenium Manager (Beta)
Starting ChromeDriver 114.0.5735.90 (386bc09e8f4f2e025eddae123f36f6263096ae49-refs/branch-heads/5735@{#1052}) on port 13737
Only local connections are allowed.
Please see https://chromedriver.chromium.org/security-considerations for suggestions on keeping ChromeDriver safe.
ChromeDriver was started successfully.
Jun 30, 2023 7:08:15 PM org.openqa.selenium.devtools.CdpVersionFinder findNearestMatch
WARNING: Unable to find an exact match for CDP version 114, so returning the closest version found: 113
]]></system-err>
  </testcase>
  <testcase name="Login with multiple credentials using Scenario Outline #2" classname="Login Functionalities" time="3.915">
    <system-out><![CDATA[
@scenarioOutline
Scenario Outline: Login with multiple credentials using Scenario Outline &amp#27;[90m# src/test/resources/Features/Login.feature:30&amp#27;[0m
  &amp#27;[32mWhen &amp#27;[0m&amp#27;[32muser enters valid &amp#27;[0m&amp#27;[32m&amp#27;[1m"ADMIN"&amp#27;[0m&amp#27;[32m and valid &amp#27;[0m&amp#27;[32m&amp#27;[1m"Hum@nhrm123"&amp#27;[0m                 &amp#27;[90m# StepDefinitions.Login.user_enters_valid_and_valid(java.lang.String,java.lang.String)&amp#27;[0m
  &amp#27;[32mAnd &amp#27;[0m&amp#27;[32mclick on login button&amp#27;[0m                                              &amp#27;[90m# StepDefinitions.Login.click_on_login_button()&amp#27;[0m
user is successfully logged in!
  &amp#27;[32mThen &amp#27;[0m&amp#27;[32muser is logged in successfully&amp#27;[0m                                    &amp#27;[90m# StepDefinitions.Login.user_is_logged_in_successfully()&amp#27;[0m

    Embedding Login with multiple credentials using Scenario Outline [image/png 62967 bytes]

]]></system-out>
    <system-err><![CDATA[Jun 30, 2023 7:08:17 PM org.openqa.selenium.manager.SeleniumManager getDriverPath
INFO: Applicable driver not found; attempting to install with Selenium Manager (Beta)
Starting ChromeDriver 114.0.5735.90 (386bc09e8f4f2e025eddae123f36f6263096ae49-refs/branch-heads/5735@{#1052}) on port 14446
Only local connections are allowed.
Please see https://chromedriver.chromium.org/security-considerations for suggestions on keeping ChromeDriver safe.
ChromeDriver was started successfully.
Jun 30, 2023 7:08:19 PM org.openqa.selenium.devtools.CdpVersionFinder findNearestMatch
WARNING: Unable to find an exact match for CDP version 114, so returning the closest version found: 113
]]></system-err>
  </testcase>
  <testcase name="Login with multiple credentials using Scenario Outline #3" classname="Login Functionalities" time="3.833">
    <system-out><![CDATA[
@scenarioOutline
Scenario Outline: Login with multiple credentials using Scenario Outline &amp#27;[90m# src/test/resources/Features/Login.feature:31&amp#27;[0m
  &amp#27;[32mWhen &amp#27;[0m&amp#27;[32muser enters valid &amp#27;[0m&amp#27;[32m&amp#27;[1m"Admin"&amp#27;[0m&amp#27;[32m and valid &amp#27;[0m&amp#27;[32m&amp#27;[1m"Hum@nhrm123"&amp#27;[0m                 &amp#27;[90m# StepDefinitions.Login.user_enters_valid_and_valid(java.lang.String,java.lang.String)&amp#27;[0m
  &amp#27;[32mAnd &amp#27;[0m&amp#27;[32mclick on login button&amp#27;[0m                                              &amp#27;[90m# StepDefinitions.Login.click_on_login_button()&amp#27;[0m
user is successfully logged in!
  &amp#27;[32mThen &amp#27;[0m&amp#27;[32muser is logged in successfully&amp#27;[0m                                    &amp#27;[90m# StepDefinitions.Login.user_is_logged_in_successfully()&amp#27;[0m

    Embedding Login with multiple credentials using Scenario Outline [image/png 62971 bytes]

]]></system-out>
    <system-err><![CDATA[Jun 30, 2023 7:08:21 PM org.openqa.selenium.manager.SeleniumManager getDriverPath
INFO: Applicable driver not found; attempting to install with Selenium Manager (Beta)
Starting ChromeDriver 114.0.5735.90 (386bc09e8f4f2e025eddae123f36f6263096ae49-refs/branch-heads/5735@{#1052}) on port 31581
Only local connections are allowed.
Please see https://chromedriver.chromium.org/security-considerations for suggestions on keeping ChromeDriver safe.
ChromeDriver was started successfully.
Jun 30, 2023 7:08:23 PM org.openqa.selenium.devtools.CdpVersionFinder findNearestMatch
WARNING: Unable to find an exact match for CDP version 114, so returning the closest version found: 113
]]></system-err>
  </testcase>
  <testcase name="Login with multiple credentials using data table" classname="Login Functionalities" time="15.212">
    <system-out><![CDATA[
@dataTable
Scenario: Login with multiple credentials using data table  &amp#27;[90m# src/test/resources/Features/Login.feature:34&amp#27;[0m
  &amp#27;[32mWhen &amp#27;[0m&amp#27;[32muser enters username and password and verifies login&amp#27;[0m &amp#27;[90m# StepDefinitions.Login.user_enters_username_and_password_and_verifies_login(io.cucumber.datatable.DataTable)&amp#27;[0m
    | username | password    |
    | admin    | Hum@nhrm123 |
    | ADMIN    | Hum@nhrm123 |
    | Admin    | Hum@nhrm123 |

    Embedding Login with multiple credentials using data table [image/png 125702 bytes]

]]></system-out>
    <system-err><![CDATA[Jun 30, 2023 7:08:25 PM org.openqa.selenium.manager.SeleniumManager getDriverPath
INFO: Applicable driver not found; attempting to install with Selenium Manager (Beta)
Starting ChromeDriver 114.0.5735.90 (386bc09e8f4f2e025eddae123f36f6263096ae49-refs/branch-heads/5735@{#1052}) on port 41934
Only local connections are allowed.
Please see https://chromedriver.chromium.org/security-considerations for suggestions on keeping ChromeDriver safe.
ChromeDriver was started successfully.
Jun 30, 2023 7:08:27 PM org.openqa.selenium.devtools.CdpVersionFinder findNearestMatch
WARNING: Unable to find an exact match for CDP version 114, so returning the closest version found: 113
]]></system-err>
  </testcase>
</testsuite>